# JRE version: OpenJDK Runtime Environment Microsoft-9889606 (21.0.4+7) (build 21.0.4+7-LTS)
# Java VM: OpenJDK 64-Bit Server VM Microsoft-9889606 (21.0.4+7-LTS, mixed mode, sharing, tiered, compressed oops, compressed class ptrs, g1 gc, linux-amd64)
GC Precious Log:
 CardTable entry size: 512
 Card Set container configuration: InlinePtr #cards 4 size 8 Array Of Cards #cards 64 size 144 Howl #buckets 8 coarsen threshold 14745 Howl Bitmap #cards 2048 size 272 coarsen threshold 1843 Card regions per heap region 1 cards per card region 16384
 CPUs: 4 total, 4 available
 Memory: 15981M
 Large Page Support: Disabled
 NUMA Support: Disabled
 Compressed Oops: Enabled (Zero based)
 Heap Region Size: 8M
 Heap Min Capacity: 2G
 Heap Initial Capacity: 2G
 Heap Max Capacity: 10G
 Pre-touch: Disabled
 Parallel Workers: 4
 Concurrent Workers: 1
 Concurrent Refinement Workers: 4
 Periodic GC: Disabled
Heap:
 garbage-first heap   total 2105344K, used 1043970K [0x0000000580000000, 0x0000000800000000)
  region size 8192K, 114 young (933888K), 3 survivors (24576K)
 Metaspace       used 20338K, committed 20672K, reserved 1114112K
  class space    used 2173K, committed 2304K, reserved 1048576K
GC Heap History (14 events):
Event: 11.197 GC heap before
{Heap before GC invocations=0 (full 0):
 garbage-first heap   total 2105344K, used 140318K [0x0000000580000000, 0x0000000800000000)
  region size 8192K, 12 young (98304K), 0 survivors (0K)
 Metaspace       used 11496K, committed 11776K, reserved 1114112K
  class space    used 1189K, committed 1344K, reserved 1048576K
}
Event: 11.213 GC heap after
{Heap after GC invocations=1 (full 0):
 garbage-first heap   total 2105344K, used 22678K [0x0000000580000000, 0x0000000800000000)
  region size 8192K, 2 young (16384K), 2 survivors (16384K)
 Metaspace       used 11496K, committed 11776K, reserved 1114112K
  class space    used 1189K, committed 1344K, reserved 1048576K
}
Event: 31.043 GC heap before
{Heap before GC invocations=1 (full 0):
 garbage-first heap   total 2105344K, used 104598K [0x0000000580000000, 0x0000000800000000)
  region size 8192K, 12 young (98304K), 2 survivors (16384K)
 Metaspace       used 12318K, committed 12608K, reserved 1114112K
  class space    used 1265K, committed 1408K, reserved 1048576K
}
Event: 31.068 GC heap after
{Heap after GC invocations=2 (full 0):
 garbage-first heap   total 2105344K, used 51219K [0x0000000580000000, 0x0000000800000000)
  region size 8192K, 2 young (16384K), 2 survivors (16384K)
 Metaspace       used 12318K, committed 12608K, reserved 1114112K
  class space    used 1265K, committed 1408K, reserved 1048576K
}
Event: 31.334 GC heap before
{Heap before GC invocations=2 (full 0):
 garbage-first heap   total 2105344K, used 124947K [0x0000000580000000, 0x0000000800000000)
  region size 8192K, 12 young (98304K), 2 survivors (16384K)
 Metaspace       used 13392K, committed 13632K, reserved 1114112K
  class space    used 1366K, committed 1472K, reserved 1048576K
}
Event: 31.352 GC heap after
{Heap after GC invocations=3 (full 0):
 garbage-first heap   total 2105344K, used 67647K [0x0000000580000000, 0x0000000800000000)
  region size 8192K, 2 young (16384K), 2 survivors (16384K)
 Metaspace       used 13392K, committed 13632K, reserved 1114112K
  class space    used 1366K, committed 1472K, reserved 1048576K
}
Event: 31.652 GC heap before
{Heap before GC invocations=3 (full 0):
 garbage-first heap   total 2105344K, used 149567K [0x0000000580000000, 0x0000000800000000)
  region size 8192K, 12 young (98304K), 2 survivors (16384K)
 Metaspace       used 13524K, committed 13760K, reserved 1114112K
  class space    used 1366K, committed 1472K, reserved 1048576K
}
Event: 31.670 GC heap after
{Heap after GC invocations=4 (full 0):
 garbage-first heap   total 2105344K, used 84301K [0x0000000580000000, 0x0000000800000000)
  region size 8192K, 2 young (16384K), 2 survivors (16384K)
 Metaspace       used 13524K, committed 13760K, reserved 1114112K
  class space    used 1366K, committed 1472K, reserved 1048576K
}
Event: 31.931 GC heap before
{Heap before GC invocations=4 (full 0):
 garbage-first heap   total 2105344K, used 166221K [0x0000000580000000, 0x0000000800000000)
  region size 8192K, 12 young (98304K), 2 survivors (16384K)
 Metaspace       used 13556K, committed 13824K, reserved 1114112K
  class space    used 1366K, committed 1472K, reserved 1048576K
}
Event: 31.948 GC heap after
{Heap after GC invocations=5 (full 0):
 garbage-first heap   total 2105344K, used 92658K [0x0000000580000000, 0x0000000800000000)
  region size 8192K, 2 young (16384K), 2 survivors (16384K)
 Metaspace       used 13556K, committed 13824K, reserved 1114112K
  class space    used 1366K, committed 1472K, reserved 1048576K
}
Event: 32.325 GC heap before
{Heap before GC invocations=5 (full 0):
 garbage-first heap   total 2105344K, used 174578K [0x0000000580000000, 0x0000000800000000)
  region size 8192K, 12 young (98304K), 2 survivors (16384K)
 Metaspace       used 13566K, committed 13824K, reserved 1114112K
  class space    used 1366K, committed 1472K, reserved 1048576K
}
Event: 32.332 GC heap after
{Heap after GC invocations=6 (full 0):
 garbage-first heap   total 2105344K, used 95667K [0x0000000580000000, 0x0000000800000000)
  region size 8192K, 2 young (16384K), 2 survivors (16384K)
 Metaspace       used 13566K, committed 13824K, reserved 1114112K
  class space    used 1366K, committed 1472K, reserved 1048576K
}
Event: 33.110 GC heap before
{Heap before GC invocations=6 (full 0):
 garbage-first heap   total 2105344K, used 234931K [0x0000000580000000, 0x0000000800000000)
  region size 8192K, 20 young (163840K), 2 survivors (16384K)
 Metaspace       used 13581K, committed 13824K, reserved 1114112K
  class space    used 1366K, committed 1472K, reserved 1048576K
}
Event: 33.126 GC heap after
{Heap after GC invocations=7 (full 0):
 garbage-first heap   total 2105344K, used 110082K [0x0000000580000000, 0x0000000800000000)
  region size 8192K, 3 young (24576K), 3 survivors (24576K)
 Metaspace       used 13581K, committed 13824K, reserved 1114112K
  class space    used 1366K, committed 1472K, reserved 1048576K
}

